<?xml version="1.0" encoding="UTF-8"?>
<!-- Generated by org.testng.reporters.JUnitReportReporter -->
<testsuite hostname="TAUFEEQUE-PC" failures="0" tests="2" name="CrocusRobotic.test.PlaceOrder" time="31.023" errors="0" timestamp="2024-09-17T22:30:17 IST" skipped="0">
  <testcase classname="CrocusRobotic.test.PlaceOrder" name="submitOrder" time="13.586"/>
  <testcase classname="CrocusRobotic.test.PlaceOrder" name="submitOrder" time="17.437"/>
</testsuite> <!-- CrocusRobotic.test.PlaceOrder -->
