<?xml version="1.0" encoding="UTF-8"?>
<!-- Generated by org.testng.reporters.JUnitReportReporter -->
<testsuite hostname="TAUFEEQUE-PC" failures="0" tests="2" name="CrocusRobotic.test.PlaceOrder" time="19.258" errors="0" timestamp="2024-09-18T22:16:31 IST" skipped="0">
  <testcase classname="CrocusRobotic.test.PlaceOrder" name="submitOrder" time="10.507"/>
  <testcase classname="CrocusRobotic.test.PlaceOrder" name="submitOrder" time="8.751"/>
</testsuite> <!-- CrocusRobotic.test.PlaceOrder -->
